0 info it worked if it ends with ok
1 verbose cli [ '/usr/local/bin/node',
1 verbose cli   '/usr/local/bin/npm',
1 verbose cli   'install',
1 verbose cli   'findport' ]
2 info using npm@1.3.21
3 info using node@v0.10.24
4 warn package.json log@1.4.0 No repository field.
5 warn package.json readline@0.0.3 readline is also the name of a node core module.
6 verbose cache add [ 'findport', null ]
7 verbose cache add name=undefined spec="findport" args=["findport",null]
8 verbose parsed url { protocol: null,
8 verbose parsed url   slashes: null,
8 verbose parsed url   auth: null,
8 verbose parsed url   host: null,
8 verbose parsed url   port: null,
8 verbose parsed url   hostname: null,
8 verbose parsed url   hash: null,
8 verbose parsed url   search: null,
8 verbose parsed url   query: null,
8 verbose parsed url   pathname: 'findport',
8 verbose parsed url   path: 'findport',
8 verbose parsed url   href: 'findport' }
9 silly lockFile 52047d28-findport findport
10 verbose lock findport /home/lucy/.npm/52047d28-findport.lock
11 silly lockFile 52047d28-findport findport
12 silly lockFile 52047d28-findport findport
13 verbose addNamed [ 'findport', '' ]
14 verbose addNamed [ null, '*' ]
15 silly lockFile daecc88b-findport findport@
16 verbose lock findport@ /home/lucy/.npm/daecc88b-findport.lock
17 silly addNameRange { name: 'findport', range: '*', hasData: false }
18 verbose url raw findport
19 verbose url resolving [ 'http://registry.cnpmjs.org/', './findport' ]
20 verbose url resolved http://registry.cnpmjs.org/findport
21 info trying registry request attempt 1 at 13:01:26
22 http GET http://registry.cnpmjs.org/findport
23 http 404 http://registry.cnpmjs.org/findport
24 silly registry.get cb [ 404,
24 silly registry.get   { server: 'nginx/1.4.1 (Ubuntu)',
24 silly registry.get     date: 'Thu, 18 Sep 2014 05:03:49 GMT',
24 silly registry.get     'content-type': 'application/json; charset=utf-8',
24 silly registry.get     'content-length': '51',
24 silly registry.get     connection: 'keep-alive',
24 silly registry.get     'x-powered-by': 'koa',
24 silly registry.get     'x-readtime': '12' } ]
25 silly lockFile daecc88b-findport findport@
26 silly lockFile daecc88b-findport findport@
27 error 404 'findport' is not in the npm registry.
27 error 404 You should bug the author to publish it
27 error 404
27 error 404 Note that you can also install from a
27 error 404 tarball, folder, or http url, or git url.
28 error System Linux 3.2.0-4-amd64
29 error command "/usr/local/bin/node" "/usr/local/bin/npm" "install" "findport"
30 error cwd /home/lucy/Workspace/Projects/Fate/mewbot
31 error node -v v0.10.24
32 error npm -v 1.3.21
33 error code E404
34 verbose exit [ 1, true ]
